<?xml version="1.0" encoding="UTF-8"?>
<testng-results ignored="0" total="2" passed="2" failed="0" skipped="0">
  <reporter-output>
  </reporter-output>
  <suite started-at="2022-04-13T15:25:28 IST" name="Default suite" finished-at="2022-04-13T15:25:37 IST" duration-ms="9390">
    <groups>
    </groups>
    <test started-at="2022-04-13T15:25:28 IST" name="Default test" finished-at="2022-04-13T15:25:37 IST" duration-ms="9390">
      <class name="com.demo.LoginApp_Test">
        <test-method is-config="true" signature="beforeClass()[pri:0, instance:com.demo.LoginApp_Test@7133da86]" started-at="2022-04-13T15:25:28 IST" name="beforeClass" finished-at="2022-04-13T15:25:34 IST" duration-ms="6652" status="PASS">
          <reporter-output>
          </reporter-output>
        </test-method> <!-- beforeClass -->
        <test-method signature="testLogin()[pri:1, instance:com.demo.LoginApp_Test@7133da86]" started-at="2022-04-13T15:25:34 IST" name="testLogin" finished-at="2022-04-13T15:25:36 IST" duration-ms="1573" status="PASS">
          <reporter-output>
          </reporter-output>
        </test-method> <!-- testLogin -->
        <test-method signature="testLogout()[pri:2, instance:com.demo.LoginApp_Test@7133da86]" started-at="2022-04-13T15:25:36 IST" name="testLogout" finished-at="2022-04-13T15:25:37 IST" depends-on-methods="com.demo.LoginApp_Test.testLogin" duration-ms="1073" status="PASS">
          <reporter-output>
          </reporter-output>
        </test-method> <!-- testLogout -->
        <test-method is-config="true" signature="afterClass()[pri:0, instance:com.demo.LoginApp_Test@7133da86]" started-at="2022-04-13T15:25:37 IST" name="afterClass" finished-at="2022-04-13T15:25:37 IST" duration-ms="67" status="PASS">
          <reporter-output>
          </reporter-output>
        </test-method> <!-- afterClass -->
      </class> <!-- com.demo.LoginApp_Test -->
    </test> <!-- Default test -->
  </suite> <!-- Default suite -->
</testng-results>
